Base path: C:/Program Files (x86)/Unity/Editor/Data
Pipe name: \\.\pipe\UnityShaderCompiler-4-26724
Cmd: getPlatforms
Cmd: compileSnippet
  api=9 type=0 insize=13395 outsize=2656 kw=DIRECTIONAL LIGHTMAP_ON DIRLIGHTMAP_OFF PORTRAIT_ON ok=1
Cmd: compileSnippet
  api=5 type=0 insize=13395 outsize=5641 kw=DIRECTIONAL LIGHTMAP_OFF DIRLIGHTMAP_OFF VERTEXLIGHT_ON PORTRAIT_ON ok=1
Cmd: compileSnippet
  api=5 type=0 insize=13395 outsize=2657 kw=DIRECTIONAL LIGHTMAP_ON DIRLIGHTMAP_OFF PORTRAIT_OFF ok=1
Cmd: compileSnippet
  api=5 type=0 insize=13395 outsize=5641 kw=DIRECTIONAL LIGHTMAP_OFF DIRLIGHTMAP_OFF VERTEXLIGHT_ON PORTRAIT_OFF ok=1
Cmd: compileSnippet
  api=9 type=1 insize=13395 outsize=7 kw=DIRECTIONAL LIGHTMAP_ON DIRLIGHTMAP_OFF PORTRAIT_ON ok=1
Cmd: compileSnippet
  api=9 type=1 insize=13395 outsize=7 kw=DIRECTIONAL LIGHTMAP_ON DIRLIGHTMAP_ON PORTRAIT_ON ok=1
Cmd: compileSnippet
  api=9 type=1 insize=13395 outsize=7 kw=DIRECTIONAL LIGHTMAP_ON DIRLIGHTMAP_ON PORTRAIT_OFF ok=1
Cmd: compileSnippet
  api=5 type=0 insize=9252 outsize=3266 kw=DIRECTIONAL PORTRAIT_ON ok=1
Cmd: compileSnippet
  api=5 type=0 insize=9252 outsize=3792 kw=POINT_COOKIE PORTRAIT_ON ok=1
Cmd: compileSnippet
  api=9 type=0 insize=9252 outsize=3501 kw=DIRECTIONAL_COOKIE PORTRAIT_ON ok=1
Cmd: compileSnippet
  api=5 type=0 insize=9252 outsize=3266 kw=DIRECTIONAL PORTRAIT_OFF ok=1
Cmd: compileSnippet
  api=5 type=0 insize=9252 outsize=3792 kw=POINT_COOKIE PORTRAIT_OFF ok=1
Cmd: compileSnippet
  api=5 type=1 insize=9252 outsize=6 kw=POINT PORTRAIT_ON ok=1
Cmd: compileSnippet
  api=9 type=1 insize=9252 outsize=7 kw=SPOT PORTRAIT_ON ok=1
Cmd: compileSnippet
  api=9 type=1 insize=9252 outsize=7 kw=POINT PORTRAIT_OFF ok=1
Cmd: compileSnippet
  api=9 type=1 insize=9252 outsize=7 kw=DIRECTIONAL PORTRAIT_OFF ok=1
Cmd: compileSnippet
  api=9 type=1 insize=9252 outsize=7 kw=POINT_COOKIE PORTRAIT_OFF ok=1
